<?xml version="1.0" encoding="UTF-8"?>
<!-- Generated by org.testng.reporters.JUnitXMLReporter -->
<testsuite ignored="9" hostname="FNUs-Air.attlocal.net" failures="0" tests="1" name="Default test" time="4.939" errors="0" timestamp="2022-09-26T19:31:58 CDT">
  <testcase classname="com.restAssured.RestAssuredTest" name="putFromPojo" time="2.515"/>
  <testcase classname="com.restAssured.RestAssuredTest" name="Patchrequest" time="0.0">
    <ignored/>
  </testcase> <!-- Patchrequest -->
  <testcase classname="com.restAssured.RestAssuredTest" name="deletePojo" time="0.0">
    <ignored/>
  </testcase> <!-- deletePojo -->
  <testcase classname="com.restAssured.RestAssuredTest" name="getFromPOJO" time="0.0">
    <ignored/>
  </testcase> <!-- getFromPOJO -->
  <testcase classname="com.restAssured.RestAssuredTest" name="PostRequest" time="0.0">
    <ignored/>
  </testcase> <!-- PostRequest -->
  <testcase classname="com.restAssured.RestAssuredTest" name="deleteRequest" time="0.0">
    <ignored/>
  </testcase> <!-- deleteRequest -->
  <testcase classname="com.restAssured.RestAssuredTest" name="postfromPojo" time="0.0">
    <ignored/>
  </testcase> <!-- postfromPojo -->
  <testcase classname="com.restAssured.RestAssuredTest" name="getRequest" time="0.0">
    <ignored/>
  </testcase> <!-- getRequest -->
  <testcase classname="com.restAssured.RestAssuredTest" name="PutRequest" time="0.0">
    <ignored/>
  </testcase> <!-- PutRequest -->
  <testcase classname="com.restAssured.RestAssuredTest" name="patchPojo" time="0.0">
    <ignored/>
  </testcase> <!-- patchPojo -->
</testsuite> <!-- Default test -->
