<?xml version="1.0" encoding="UTF-8"?>
<testng-results ignored="9" total="10" passed="1" failed="0" skipped="0">
  <reporter-output>
  </reporter-output>
  <suite started-at="2022-09-26T19:31:53 CDT" name="Default suite" finished-at="2022-09-26T19:31:58 CDT" duration-ms="4939">
    <groups>
    </groups>
    <test started-at="2022-09-26T19:31:53 CDT" name="Default test" finished-at="2022-09-26T19:31:58 CDT" duration-ms="4939">
      <class name="com.restAssured.RestAssuredTest">
        <test-method is-config="true" signature="setup()[pri:0, instance:com.restAssured.RestAssuredTest@20f5239f]" started-at="2022-09-26T19:31:53 CDT" name="setup" finished-at="2022-09-26T19:31:55 CDT" duration-ms="2382" status="PASS">
          <reporter-output>
          </reporter-output>
        </test-method> <!-- setup -->
        <test-method signature="putFromPojo()[pri:0, instance:com.restAssured.RestAssuredTest@20f5239f]" started-at="2022-09-26T19:31:55 CDT" name="putFromPojo" finished-at="2022-09-26T19:31:58 CDT" duration-ms="2515" status="PASS">
          <reporter-output>
          </reporter-output>
        </test-method> <!-- putFromPojo -->
      </class> <!-- com.restAssured.RestAssuredTest -->
    </test> <!-- Default test -->
  </suite> <!-- Default suite -->
</testng-results>
